C51 COMPILER V9.00   MAIN                                                                  03/13/2021 16:46:41 PAGE 1   


C51 COMPILER V9.00, COMPILATION OF MODULE MAIN
OBJECT MODULE PLACED IN .\Output\main.obj
COMPILER INVOKED BY: C:\Keil_v5\C51\BIN\C51.EXE Code\main.c OPTIMIZE(7,SPEED) BROWSE INCDIR(..\..\Include) DEFINE(FOSC_1
                    -60000) DEBUG OBJECTEXTEND PRINT(.\LST\main.lst) OBJECT(.\Output\main.obj)

line level    source

   1          #include "N76E003.h"
   2          
   3          void main (void) 
   4          {
   5   1              while(1)
   6   1              {
   7   2              
   8   2              }
   9   1      
  10   1      }
  11          //
  12          
  13          


MODULE INFORMATION:   STATIC OVERLAYABLE
   CODE SIZE        =      3    ----
   CONSTANT SIZE    =   ----    ----
   XDATA SIZE       =   ----    ----
   PDATA SIZE       =   ----    ----
   DATA SIZE        =   ----    ----
   IDATA SIZE       =   ----    ----
   BIT SIZE         =   ----    ----
END OF MODULE INFORMATION.


C51 COMPILATION COMPLETE.  0 WARNING(S),  0 ERROR(S)
